# DreamCatcher pre-production security assessment — structured log
# Format: TIMESTAMP  LEVEL  LAYER  MESSAGE   (times approximate, local)
# Engagement: non-destructive, read-only on source. Risk ratings per action noted.

2026-06-25 18:30:00  INFO   SETUP    Advisor pre-flight: confirmed Python/FastAPI/Viva stack; JS tooling (npm/retire/trivy/ZAP) N/A or unavailable. User approved: pip scanners, local run in sandbox/test mode, billing-first order.
2026-06-25 18:31:00  INFO   L1-DISC  Discovery [risk:Low]: stack = FastAPI+Uvicorn+Jinja2+SQLModel+SQLite, SSR, no build step. Payment provider = Viva.com (app/payments/viva.py, httpx). Default VIVA_MODE=demo.
2026-06-25 18:34:00  INFO   L6-BILL  Read SPEC-BILLING.md, viva.py, payments/base.py, routes/payments.py, orders.py, routes/checkout.py, cart.py, config.py [risk:Low, read-only].
2026-06-25 18:36:00  WARNING L6-BILL  FINDING-1 (HIGH): VIVA_MODE defaults to 'demo'; _verify_webhook_demo performs no auth; live mode = NotImplementedError. Payment bypass if deployed.
2026-06-25 18:37:00  WARNING L6-BILL  FINDING-2 (HIGH): _verify_webhook_live signature check optional (`if secret:`) + placeholder HMAC scheme. Forgeable payment success.
2026-06-25 18:38:00  WARNING L6-BILL  FINDING-3 (MEDIUM): predictable sequential order numbers used as correlator; unauthenticated GET /{lang}/checkout/pay/{number} leaks order total. IDOR/info-disclosure.
2026-06-25 18:39:00  INFO   L6-BILL  PASS: server-side price integrity (cart stores id+qty only; prices from DB; snapshot at order). PASS: idempotent mark_order_paid. PASS: currency forced EUR, no negative qty.
2026-06-25 18:41:00  INFO   L4-SAST  Read security.py, main.py, deps.py, admin.py, templating.py. Admin guard + CSRF consistent; status transitions whitelisted.
2026-06-25 18:42:00  WARNING L4-SAST  FINDING-4 (MEDIUM): stored XSS via templates/public/product.html:47 `|safe` after replace (admin-authored, autoescape bypassed).
2026-06-25 18:43:00  WARNING L7-HYG   FINDING-5 (MEDIUM): no security headers (CSP/HSTS/XFO/XCTO/Referrer) — main.py registers only SessionMiddleware.
2026-06-25 18:44:00  WARNING L7-HYG   FINDING-6 (LOW): SECRET_KEY default 'dev-insecure-change-me' (config.py:39) -> admin session forgery if deployed unset.
2026-06-25 18:45:00  INFO   L5-SEC   Secrets [risk:Low]: git ls-files + .gitignore review. Only .env.example tracked (placeholders). .env, data.db, uploads ignored. No keys client-side. PASS.
2026-06-25 18:46:00  INFO   L2-DEPS  Installed pip-audit + bandit into project venv via `pip install` [risk:Low, user-approved, venv-scoped]. exit=0.
2026-06-25 18:47:00  INFO   L2-DEPS  pip-audit: "No known vulnerabilities found". PASS. Note: requirements.txt unpinned.
2026-06-25 18:48:00  INFO   L4-SAST  bandit -r app scripts (medium+): clean. All levels: 1 Low.
2026-06-25 18:49:00  WARNING L4-SAST  FINDING-7 (LOW, bandit B105): hardcoded ADMIN_PASS="dreamcatcher" in git-tracked scripts/shoot.py:20.
2026-06-25 18:50:00  INFO   L4-SAST  FINDING-8 (LOW): login rate-limit in-memory/per-process/peer-IP (security.py:68). FINDING-9 (INFO): stray "f"->paid token + static webhook GET key.
2026-06-25 18:55:00  INFO   L8-DAST  [risk:Low] Attempted local run: background uvicorn failed to bind cleanly; switched to in-process Starlette TestClient.
2026-06-25 19:10:00  WARNING L8-DAST  TestClient lifespan startup hung repeatedly on this Windows host (httpx deprecation + output buffering). Marker test confirmed app import + init_db + provider load OK (provider mode='demo').
2026-06-25 19:13:10  INFO   L8-DAST  Verified imports/init_db complete in ms (markers A-D printed). Demo bypass chain confirmed by code path; live HTTP PoC not completed (documented as skipped).
2026-06-25 19:15:00  INFO   L7-HYG   Cookie flags derived from code: HttpOnly=yes, SameSite=Lax, Secure=yes when DEBUG off. Headers: all target headers MISSING (definitive from main.py).
2026-06-25 19:20:00  INFO   REPORT   Wrote SECURITY-REVIEW-2026-06-25.md (9 findings: 2 HIGH, 3 MEDIUM, 3 LOW, 1 INFO). No source files modified. Throwaway test DBs removed.
